[   .00000 Iitializing cgroup subsys cpuset
[    0.000000] Initializing cgroup subsys cpu
[    0.000000] Initializing cgroup subsys cpuacct
[    0.000000 Lnu versio4..0-161-generi(buildd@lcy01-amd64-018) (gcc version 5.4.0 20160609 (Ubuntu 5.4.0-6ubuntu1~16.04.10) ) #189-buntu P ue Aug 27 08:10:16 UTC 2019 (Ubuntu 4.4.0-161.189-generic 4.4.186)
[   .00000] Command line: BOOT_IMAGE=/boot/vmlinuz-4.4.0-161-generic root=LABEL=cloudimg-rootfs ro consoe=tty1 console=ttyS0
[    0.000000] KERNEL supported cpus:
[    0.000000]   Intel GenuineIntel
[    0.000000]   AMD AuthenticAMD
[    0.000000]   Centaur CentaurHauls
[    0.000000] x86/fpu: xstate_offset[2]:  576, xstate_sizes[2]:  256
[    0.000000] x86/fpu: Supporting XSAVE feature 0x01: 'x87 floating point registers'
[    0.000000] x86/fpu: Supporting XSAVE feature 0x02: 'SSE registers'
[    0.000000] x86/fpu: Supporting XSAVE feature 0x04: 'AVX registers'
[    0.000000] x86/fpu: Enabled xstate features 0x7, context size is 832 bytes, using 'standard' format.
[    0.000000] e820: BIOS-provided physical RAM map:
[    0.000000] BIOS-e820: [mem 0x0000000000000000-0x000000000009fbff] usable
[    0.000000] BIOS-e820: [mem 0x000000000009fc00-0x000000000009ffff] reserved
[    0.000000] BIOS-e820: [mem 0x00000000000f0000-0x00000000000fffff] reserved
[    0.000000] BIOS-e820: [mem 0x0000000000100000-0x000000003ffeffff] usable
[    0.000000] BIOS-e820: [mem 0x000000003fff0000-0x000000003fffffff] ACPI data
[    0.000000] BIOS-e820: [mem 0x00000000fec00000-0x00000000fec00fff] reserved
[    .000000] BIOS-e820: [mem 0x00000000fee00000-0x000000fe00fff] reserved
[   .0000] BOSe80: [me 00000000ffc0000x00000000ffffff] reserved
[    0.000000] NX (Execute Disable) protection: active
[    0.000000] SMBIOS 2.5 present.
[    0.000000] Hypervisor detected: VM
[    0.000000] e820: last_pfn = 0x3fff0 max_arch_pfn = 0x400000000
[    0.000000] MTRR: Disabled
[    0.000000] x86/PAT: MTRRs disabled, skipping PAT inialization too.
[    0.000000] CPU MTRRs all blank - virtualized system.
[    0.000000] x86/PAT: Configuation [0-7]WB  WT  UC- UC  WB  WT  UC- UC  
[    0.000000] found SMP MP-table at [mem 0x0009fff0-0x0009ffff] mapped at [ffff88000009fff0]
[    0.000000] Scanning 1 areas for low memory corruption
[    0.000000] RAMDISK: [mem x362f8000-0x37173fff]
[    0.000000] ACPI: Early table checksum verification disabled
[    0.000000] ACPI: RSDP 0x00000000000E0000 000024 (v02 VBOX  )

[    0.000000] ACPI: XSDT 0x000000003FF0030 00003C (v01 VBOX   VBOXXSDT 00000001 ASL  00000061)
[    0.000000] ACPI: FACP 0x000000003FFF00F0 0000F4 (v04 VBOX   VBOXFACP 00000001 ASL  00000061)
[    0.000000] ACPI: DSDT 0x000000003FFF0470 0021FF (v02 VBOX   VBOXBIOS 00000002 INTL 20100528)
[    0.000000] ACPI: FACS 0x000000003FFF0200 000040
[    0.000000] ACPI: FACS 0x000000003FFF0200 000040
[   0.000000] ACPI: APIC 0x000000003FFF0240 00005C (v02 VBOX   VBOXAPIC 00000001 ASL  00000061)
[    0.000000] ACPI: SSDT 0x000000003FFF02A0 0001CC (v01 VBOX   VBOXCPUT 00000002 INTL 20100528)
[    0.000000] No NUMA configuration found
[    0.000000] Faking a node at [mem 0x0000000000000000-0x000000003ffeffff]
[    0.000000] NODE_DATA(0) allocated [mem 0x3ffeb000-0x3ffeffff]
[    0.000000] kvm-clock: Using msrs 4b564d01 and 4b564d00
[    0.000000] kvm-clock: cpu 0, msr 0:3ffe3001, primary cpu clock
[    0.000000] kvm-clock: using sched offset of 35127651 cycles
[    0.000000] clocksource: kvm-clock: mask: 0xffffffffffffffff max_cycles: 0x1cd42e4dffb, max_ide_ns: 881590591483 ns
[    0.000000] Zone ranges:
[    0.000000]   DMA      [mem 0x0000000000001000-0x0000000000ffffff]
[    0.000000]   DMA32    [mem 0x0000000001000000-0x000000003ffeffff]
[    0.000000]   Normal   empty
[    0.000000]   Device   empty
[    0.000000] Movable zone start for each node
[    0.000000] Early memory node ranges
[    0.000000]   node   0: [mem 0x0000000000001000-0x000000000009efff]
[    0.000000]   node   0: [mem 0x0000000000100000-0x000000003ffeffff]
[    0.000000] Initmem setup node 0 [mem 0x0000000000001000-0x000000003ffeffff]
[    0.000000] ACPI: PM-Timer IO Port: 0x4008
[    0.000000] IOAPIC[0]: apic_id 2, version 32, address 0xfec00000, GSI 0-23
[    0.000000] ACPI: INT_SRC_OVR (bus 0 bus_irq 0 global_irq 2 dfl dfl)
[    0.000000] ACPI: INT_SRC_OVR (bus 0 bus_irq 9 global_irq 9 low level)
[    0.000000] Using ACPI (MADT) for SMP configuration information
[    0.000000] smpboot: Allowing 2 CPUs, 0 hotplug CPUs
[    0.000000] PM: Registered nosave memory: [mem 0x00000000-0x00000fff]
[    0.000000] PM: Registered nosave memory: [mem 0x0009f000-0x0009ffff]
[    0.000000] PM: Registered nosave memory: [mem 0x000a0000-0x000effff]
[    0.000000] PM: Registered nosave memory: [mem 0x000f0000-0x000fffff]
[    0.000000] e820: [mem 0x40000000-0xfebfffff] available for PCI devices
[    0.000000] Booting paravirtualized kernel on KVM
[    0.000000] clocksource: refined-jiffies: mask: 0xffffffff max_cycles: 0xffffffff, max_idle_ns: 7645519600211568 ns
[    0.000000] setup_percpu: NR_CPUS:512 nr_cpumask_bits:512 nr_cpu_ids:2 nr_node_ids:1
[    0.000000] PERCPU: Embedded 34 pages/cpu @ffff88003fc00000 s99544 r8192 d31528 u1048576
[    0.000000] Built 1 zonelists in Node order, mobility grouping on.  Total pages: 257912
[    0.000000] Policy zone: DMA32
[    0.000000] Kernel command line: BOOT_IMAGE=/boot/vmlinuz-4.4.0-161-generic root=LABEEL=cloudimg-rootfs ro console=tty1 console=ttyS0
[    0.000000] PID hash table entries: 4096 (order: 3, 32768 bytes)
[    0.000000] Memory: 997724K/1048120K available (8622K kernel code, 1335K rwdata, 4032K rodata, 1488K init, 1284K bss, 50396K reserved, 0K cma-reserved)
[    0.000000] SLUB: HWalign=64, Order=0-3, MinObjects=0, CPUs=2, Nodes=1
[    0.000000] Kernel/User page tables isolation: enabled
[    0.000000] Hierarchical RCU implementation.
[    0.00000] 	Build-time adjustment of leaf fanout to 64.
[    0.000000] 	RCU restricting CPUs from NR_CPUS=512 to nr_cpu_ids=2.
[    0.000000] RCU: Adjusting geometry for rcu_fanout_leaf=64, nr_cpu_ids=2
[    0.000000] R_IRQS:33024 nr_irqs:440 16
[    0.000000] Console: colour VGA+ 80x25
[    0.000000] console [tty1] enabled
[    0.000000] console [ttyS0] enabled
[    0.000000] tsc: Detected 2807.998 MHz processor
[    1.196091] Calibrating delay loop (skipped) preset value.. 5615.99 BogoMIPS (lpj=11231992)
[    1.199448] pid_max: default: 32768 minimum: 301
[    1.201206] ACPI: Core revision 20150930
[    1.205188] ACPI: 2 ACPI AML tables successfully acquired and loaded
[  1.207526] Security Framework initialized
[    1.239947] Yama: becoming mindful.
[    1.240915] AppArmor: AppArmor initialized
[    1.242024] Dentry cache hash table entries: 131072 (order:: 8, 1048576 bytes)
[    1.249073] Inode-cache hash table entries: 65536 (order: 7, 524288 bytes)
[    1.250708] Mount-cache hash table entries: 2048 (order: 2, 16384 bytes)
[    1.252344] Mountpoint-cache hash table entries: 2048 (order: 2, 16384 bytes)
[    1.254311] Initializing cgroup subsys io
[    1.255393] Initializing cgroup subsys memory
[    1.256517] Initializing cgroup subsys devices
[    1.257786] Initializing cgroup subsys freezer
[    1.258911] Initializing cgroup subsys net_cls
[    1.260315] Initializing cgroup subsys perf_event
[    1.261433] Initializing cgroup subsys net_prio
[    1.262617] Initializing cgroup subsys hugetlb
[    1.263794] Initializing cgroup subsys pids
[    1.265946] mce: CPU supports 0 MCE banks
[    1.267107] Last level iTLB entries: 4KB 64, 2MB 8, 4MB 8
[    1.268374] Last level dTLB entries: 4KB 64, 2MB 0, 4MB 0, 1GB 4
[    1.269738] Spectre V1 : Mitigation: usercopy/swapgs barriers and __user pointer sanitization
[    1.274024] Spectre V2 : Mitigation: Full generic retpoline
[    1.275322] Spectre V2 : Spectre v2 / SpectreRSB mitigation: Filling RSB on context switch
[    1.277325] Speculative Store Bypass: Vulnerable
[    1.278495] MDS: Vulnerable: Clear CPU buffers attempted, no microcode
[    1.282661] Freeing SMP alternatives memory: 36K
[    1.289637] ftrace: allocating 32318 entries in 127 pages
[    1.366380] smpboot: APIC(0) Converting physical 0 to logical package 0
[    1.368021] smpboot: Max logical packages: 1
[    1.373891] x2apic enabled
[    1.375179] Switched APIC routing to physical x2apic.
[    1.377973] ..TIMER: vector=0x30 apic1=0 pin1=2 apic2=-1 pin2=-1
[   1.486751] smpboot: CPU0: Intel(R) Core(TM) i7-7700HQ CPU @ 2.80GHz (family: 0x6, model: 0x9e, stepping: 0x9)
[    1.563930] Performance Events: unsupported p6 CPU model 158 no PMU driver, software events only.
[    1.606196] KVM setup paravirtual spinlock
[    1.610622] x86: Booting SMP configuration:
[    1.615442] .... node  #0, CPUs:      #1
[    1.623644] kvm-clock: cpu 1, msr 0:3ffe3041, secondary cpu clock
[    1.627084] mce: CPU supports 0 MCE banks
[    1.630578] x86: Booted up 1 node, 2 CPUs
[    1.639956] smpboot: Total of 2 processors activated (11231.99 BogoMIPS)
[    1.647942] devtmpfs: initialized
[    1.652308] evm: security.selinux
[    1.661202] evm: security.SMACK64
[    1.663356] evm: security.SMACK64EXEC
[    1.664387] evm: security.SMACK64TRANSMUTE
[    1.665547] evm: security.SMACK64MMAP
[    1.666580] evm: security.ima
[    1.667483] evm: security.capability
[    1.668807] clocksource: jiffies: mask: 0xffffffff max_cycles: 0xffffffff, max_idle_ns: 7645041785100000 ns
[    1.671358] futex hash table entries: 512 (order: 3, 32768 bytes)
[    1.673066] pinctrl core: initialized pinctrl subsystem
[    1.687167] RTC time:  2:26:58, date: 10/01/19
[    1.688482] NET: Registered protocol family 16
[    1.701500] cpuidle: using governor ladder
[    1.714164] cpuidle: using governor menu
[    1.715257] PCCT header not found.
[    1.716307] ACPI: bus type PCI registered
[    1.717380] acpiphp: ACPI Hot Plug PCI Controller Driver version: 0.5
[    1.719049] PCI: Using configuration type 1 for base access
[    1.734357] ACPI: Added _OSI(Module Device)
[    1.760184] ACPI: Added _OSI(Processor Device)
[    1.761598] ACPI: Added _OSI(3.0 _SCP Extensions)
[    1.769397] ACPI: Added _OSI(Processor Aggregator Device)
[    1.771972] ACPI: Executed 1 blocks of module-level executable AML code
[    1.778660] ACPI: Interpreter enabled
[    1.783058] ACPI: (supports S0 S5)
[    1.783940] ACPI: Using IOAPIC for interrupt routing
[    1.785296] PCI: Using host bridge windows from ACPI; if necessary, use "pci=nocrs" and report a bug
[    1.811856] ACPI: PCI Root Bridge [PCI0] (domain 0000 [bus 00-ff])
[    1.814088] acpi PNP0A03:00: _OSC: OS supports [ASPM ClockPM Segments MSI]
[    1.816339] acpi PNP0A03:00: _OSC: not requesting OS control; OS requires [ExtendedConfig ASPM ClockPM MSI]
[    1.819739] acpi PNP0A03:00: fail to add MMCONFIG information, can't access extended PCI configuration space under this bridge.
[    1.833223] PCI host bridge to bus 0000:00
[    1.834648] pci_bus 0000:00: root bus resource [io  0x0000-0x0cf7 window]
[    1.836575] pci_bus 0000:00: root bus resource [io  0x0d00-0xffff window]
[    1.838344] pci_bus 0000:00: root bus resource [mem 0x000a0000-0x000bffff window]
[    1.845161] pci_bus 0000:00: root bus resource [mem 0x40000000-0xfdffffff window]
[    1.883352] pci_bus 0000:00: root bus resource [bus 00-ff]
[    1.899091] pci 0000:00:01.1: legacy IDE quirk: reg 0x10: [io  0x01f0-0x01f7]
[    1.936688] pci 0000:00:01.1: legacy IDE quirk: reg 0x14: [io  0x03f6]
[    1.944816] pci 0000:00:01.1: legacy IDE quirk: reg 0x18: [io  0x0170-0x0177]
[    1.946729] pci 0000:00:01.1: legacy IDE quirk: reg 0x1c: [io  0x0376]
[    1.981001] pci 0000:00:07.0: quirk: [io  0x4000-0x403f] claimed by PIIX4 ACPI
[    2.004215] pci 0000:00:07.0: quirk: [io  0x4100-0x410f] claimed by PIIX4 SMB
[    2.011416] ACPI: PCI Interrupt Link [LNKA] (IRQs 5 9 10 *11)
[    2.027405] ACPI: PCI Interrupt Link [LNKB] (IRQs 5 9 *10 11)
[    2.029183] ACPI: PCI Interrupt Link [LNKC] (IRQs 5 *9 10 11)
[    2.030965] ACPI: PCI Interrupt Link [LNKD] (IRQs 5 9 10 *11)
[    2.039763] ACPI: Enabled 2 GPEs in block 00 to 07
[    2.041253] vgaarb: setting as boot device: PCI:0000:00:02.0
[    2.042572] vgaarb: device added: PCI:0000:00:02.0,decodes=io+mem,owns=io+mem,locks=none
[    2.045856] vgaarb: loaded
[    2.046679] vgaarb: bridge control possible 0000:00:02.0
[    2.048177] SCSI subsystem initialized
[    2.049325] ACPI: bus type USB registered
[    2.067555] usbcore: registered new interface driver usbfs
[    2.068816] usbcore: registered new interface driver hub
[    2.070038] usbcore: registered new device driver usb
[    2.071513] PCI: Using ACPI for IRQ routing
[    2.083478] NetLabel: Initializing
[    2.084623] NetLabel:  domain hash size = 128
[    2.086239] NetLabel:  protocols = UNLABELED CIPSOv4
[    2.093488] NetLabel:  unlabeled traffic allowed by default
[    2.095105] amd_nb: Cannot enumerate AMD northbridges
[    2.121530] clocksource: Switched to clocksource kvm-clock
[    2.158733] AppArmor: AppArmor Filesystem Enabled
[    2.161786] pnp: PnP ACPI init
[    2.3617] pnp: PnP ACP: found 3 devices

[    2.269593] clocksource: acpi_pm: mask: 0xffffff max_cycles: 0xffffff, max_idle_ns: 2085701024 ns
[    2.27270 NET: Registered protocol family 2

[    2.338294] TCP established hash table entries: 8192 (order: 4, 65536 bytes)
[    2.344628] TCP bind hash table entries: 8192 (order: 5, 131072 bytes)
[    2.347898] TCP: Hash tables configured (established 8192 bind 8192)
[   2.351376] UDP hash table entries: 512 (order: 2, 16384 bytes)
[    2.382014] UDPLite hash table entries: 512 (order: 2, 16384 bytes)
[    2.412347] NET: Registered protocol family 1
[    2.413975] pci 0000:00:00.0: Limiting direct PCI/PCI transfers
[    2.415481] pci 0000:00:01.0: Activating ISA DMA hang workarounds
[    2.417117] Unpacking initramfs...

[    2.806921] Freeing initrd memory: 14832K
[    2.859099] clocksource: tsc: mask: 0xffffffffffffffff max_cycles: 0x2879c456dd4, max_idle_ns: 440795285767 ns
[    2.916683] platform rtc_cmos: registered platform RTC device (no PNP device found)
[    3.045374] Scanning for low memory corruption every 60 seconds
[    3.099633] audit: initializing netlink subsys (disabled)
[    3.121082] audit: type=2000 audit(1569896823.229:1): initialized
[    3.208187] Initialise system trusted keyring
[    3.209440] HugeTLB registered 2 MB page size, pre-allocated 0 pages
[    3.212161] zbud: loaded
[    3.223157] VFS: Disk quotas dquot_6.6.0
[    3.246169] VFS: Dquot-cache hash table entries: 512 (order 0, 4096 bytes)
[    3.276659] squashfs: version 4.0 (2009/01/31) Phillip Lougher
[    3.312263] fuse init (API version 7.23)
[    3.316537] Key type big_key registered
[    3.322878] Allocating IMA MOK and blacklist keyrings.
[    3.354838] Key type asymmetric registered
[    3.362689] Asymmetric key parser 'x509' registered
[    3.364661] Block layer SCSI generic (bsg) driver version 0.4 loaded (major 249)
[    3.367692] io scheduler noop registered
[    3.369261] io scheduler deadline registered (default)
[    3.372434] io scheduler cfq registered
[    3.379680] pci_hotplug: PCI Hot Plug PCI Core version: 0.5
[    3.407568] pciehp: PCI Express Hot Plug Controller Driver version: 0.4
[    3.424397] ACPI: AC Adapter [AC] (off-line)
[    3.427530] input: Power Button as /devices/LNXSYSTM:00/LNXPWRBN:00/input/input0
[    3.461631] ACPI: Power Button [PWRF]
[    3.496061] input: Sleep Button as /devices/LNXSYSTM:00/LNXSLPBN:00/input/input1
[    3.515578] ACPI: Sleep Button [SLPF]
[    3.517597] GHES: HEST is not enabled!
[    3.517625] ACPI: Battery Slot [BAT0] (battery present)
[    3.520005] Serial: 8250/16550 driver, 32 ports, IRQ sharing enabled
[    3.548188] 00:02: ttyS0 at I/O 0x3f8 (irq = 4, base_baud = 115200) is a 55
[    3.666068] Linux agpgart interface v0.103
[    3.722861] loop: module loaded
[    3.724946] scsi host0: ata_piix
[    3.757498] scsi host1: ata_piix
[    3.761719] ata1: PATA max UDMA/33 cmd 0x1f0 ctl 0x3f6 bmdma 0xd000 irq 14
[    3.817322] ata2: PATA max UDMA/33 cmd 0x170 ctl 0x376 bmdma 0xd008 irq 15
[    3.819792] libphy: Fixed MDIO Bus: probed
[    3.856176] tun: Universal TUN/TAP device driver, 1.6
[    3.871476] tun: (C) 1999-2004 Max Krasnyansky <maxk@qualcomm.com>
[    3.890751] PPP generic driver version 2.4.2
[    3.891884] ehci_hcd: USB 2.0 'Enhanced' Host Controller (EHCI) Driver
[    3.893298] ehci-pci: EHCI PCI platform driver
[    3.894419] ehci-platform: EHCI generic platform driver
[    3.944944] ohci_hcd: USB 1.1 'Open' Host Controller (OHCI) Driver
[    4.023440] ohci-pci: OHCI PCI platform driver
[    4.046022] ohci-platform: OHCI generic platform driver
[    4.070628] uhci_hcd: USB Universal Host Controller Interface driver
[    4.072592] i8042: PNP: PS/2 Controller [PNP0303:PS2K,PNP0f03:PS2M] at 0x60,0x64 irq 1,12
[    4.076311] serio: i8042 KBD port at 0x60,0x64 irq 1
[    4.077583] serio: i8042 AUX port at 0x60,0x64 irq 12
[    4.085173] mousedev: PS/2 mouse device common for all mice
[    4.087468] input: AT Translated Set 2 keyboard as /devices/platform/i8042/serio0/input/input2
[    4.090663] rtc_cmos rtc_cmos: rtc core: registered rtc_cmos as rtc0
[    4.093006] rtc_cmos rtc_cmos: alarms up to one day, 114 bytes nvram
[    4.105034] i2c /dev entries driver
[    4.128430] device-mapper: uevent: version 1.0.3
[    4.129774] device-mapper: ioctl: 4.34.0-ioctl (2015-10-28) initialised: dm-devel@redhat.com
[    4.132049] ledtrig-cpu: registered to indicate activity on CPUs
[    4.134516] NET: Registered protocol family 10
[    4.136061] NET: Registered protocol family 17
[    4.137219] Key type dns_resolver registered
[    4.138615] registered taskstats version 1
[    4.139924] Loading compiled-in X.509 certificates
[    4.141822] Loaded X.509 cert 'Build time autogenerated kernel key: bdcb03bd89688fd1ecb3c1b37e77d69239145881'
[    4.168200] zswap: loaded using pool lzo/zbud
[    4.171753] Key type trusted registered
[    4.176653] Key type encrypted registered
[    4.181320] AppArmor: AppArmor sha1 policy hashing enabled
[    4.191663] ima: No TPM chip found, activating TPM-bypass!
[    4.193363] ima: Allocated hash algorithm: sha1
[    4.196540] evm: HMAC attrs: 0x1
[    4.198240]   Magic number: 7:681:408
[    4.199566] rtc_cmos rtc_cmos: setting system clock to 2019-10-01 02:27:00 UTC (1569896820)
[    4.216632] BIOS EDD facility v0.16 2004-Jun-25, 0 devices found
[    4.218540] EDD information not available.
[    4.220833] Freeing unused kernel memory: 1488K
[    4.242050] Write protecting the kernel read-only data: 14336k
[    4.243831] Freeing unused kernel memory: 1608K
[    4.245131] Freeing unused kernel memory: 64K
Loading, please wait...
starting version 229
[    4.259940] random: systemd-udevd: uninitialized urandom read (16 bytes read, 3 bits of entropy available)
[    4.260504] random: udevadm: uninitialized urandom read (16 bytes read, 3 bits of entropy available)
[    4.260544] random: udevadm: uninitialized urandom read (16 bytes read, 3 bits of entropy available)
[    4.269106] random: udevadm: uninitialized urandom read (16 bytes read, 3 bits of entropy available)
[    4.269145] random: udevadm: uninitialized urandom read (16 bytes read, 3 bits of entropy available)
[    4.269275] random: udevadm: uninitialized urandom read (16 bytes read, 3 bits of entropy available)
[    4.269357] random: udevadm: uninitialized urandom read (16 bytes read, 3 bits of entropy available)
[    4.269416] random: udevadm: uninitialized urandom read (16 bytes read, 3 bits of entropy available)
[    4.269463] random: udevadm: uninitialized urandom read (16 bytes read, 3 bits of entropy available)
[    4.269507] random: udevadm: uninitialized urandom read (16 bytes read, 3 bits of entropy available)
[    4.364289] e1000: Intel(R) PRO/1000 Network Driver - version 7.3.21-k8-NAPI
[    4.366453] e1000: Copyright (c) 1999-2006 Intel Corporation.
[    4.368375] Fusion MPT base driver 3.04.20
[    4.375327] Copyright (c) 1999-2008 LSI Corporation
[    4.382316] Fusion MPT SPI Host driver 3.04.20
[    4.397281] AVX2 version of gcm_enc/dec engaged.
[    4.398778] AES CTR mode by8 optimization enabled
[    4.579025] input: ImExPS/2 Generic Explorer Mouse as /devices/platform/i8042/serio1/input/input4
[    4.848315] e1000 0000:00:03.0 eth0: (PCI:33MHz:32-bit) 02:32:7c:93:db:e1
[    4.850420] e1000 0000:00:03.0 eth0: Intel(R) PRO/1000 Network Connection
[    4.853627] mptbase: ioc0: Initiating bringup
[    4.854582] e1000 0000:00:03.0 enp0s3: renamed from eth0
[    4.938249] ioc0: LSI53C1030 A0: Capabilities={Initiator}
[    5.111858] scsi host2: ioc0: LSI53C1030 A0, FwRev=00000000h, Ports=1, MaxQ=256, IRQ=20
[    5.226480] scsi 2:0:0:0: Direct-Access     VBOX     HARDDISK         1.0  PQ: 0 ANSI: 5
[    5.482481] scsi target2:0:0: Beginning Domain Validation
[    5.916188] scsi target2:0:0: Domain Validation skipping write tests
[    5.917710] scsi target2:0:0: Ending Domain Validation
[    5.919046] scsi target2:0:0: asynchronous
[    5.920516] scsi 2:0:1:0: Direct-Access     VBOX     HARDDISK         1.0  PQ: 0 ANSI: 5
[    5.922550] scsi target2:0:1: Beginning Domain Validation
[    5.924915] scsi target2:0:1: Domain Validation skipping write tests
[    6.111492] scsi target2:0:1: Ending Domain Validation
[    6.485860] scsi target2:0:1: asynchronous
[    6.515140] sd 2:0:0:0: [sda] 20971520 512-byte logical blocks: (10.7 GB/10.0 GiB)
[    6.515224] sd 2:0:0:0: Attached scsi generic sg0 type 0
[    6.515704] sd 2:0:1:0: [sdb] 20480 512-byte logical blocks: (10.5 MB/10.0 MiB)
[    6.515933] sd 2:0:1:0: [sdb] Write Protect is off
[    6.515948] sd 2:0:1:0: Attached scsi generic sg1 type 0
[    6.516101] sd 2:0:1:0: [sdb] Incomplete mode parameter data
[    6.516102] sd 2:0:1:0: [sdb] Assuming drive cache: write through
[    6.518247] sd 2:0:1:0: [sdb] Attached SCSI disk
[    6.566197] sd 2:0:0:0: [sda] Write Protect is off
[    6.567564] sd 2:0:0:0: [sda] Incomplete mode parameter data
[    6.570634] sd 2:0:0:0: [sda] Assuming drive cache: write through
[    6.576718]  sda: sda1
[    6.584378] sd 2:0:0:0: [sda] Attached SCSI disk
Begin: Loading essential drivers ... [    8.123030] md: linear personality registered for level -1
[    8.126807] md: multipath personality registered for level -4
[    8.130754] md: raid0 personality registered for level 0
[    8.135689] md: raid1 personality registered for level 1
[    8.205556] raid6: sse2x1   gen()  7776 MB/s
[    8.273557] raid6: sse2x1   xor()  5131 MB/s
[    8.342165] raid6: sse2x2   gen()  8524 MB/s
[    8.409553] raid6: sse2x2   xor()  8979 MB/s
[    8.477847] raid6: sse2x4   gen() 13595 MB/s
[    8.546152] raid6: sse2x4   xor()  9366 MB/s
[    8.613559] raid6: avx2x1   gen() 17237 MB/s
[    8.681816] raid6: avx2x2   gen() 16657 MB/s
[    8.750162] raid6: avx2x4   gen() 19921 MB/s
[    8.751698] raid6: using algorithm avx2x4 gen() 19921 MB/s
[    8.753603] raid6: using avx2x2 recovery algorithm
[    8.756343] xor: automatically using best checksumming function:
[    8.797548]    avx       : 22250.000 MB/sec
[    8.800195] async_tx: api initialized (async)
[    8.813354] md: raid6 personality registered for level 6
[    8.814915] md: raid5 personality registered for level 5
[    8.816920] md: raid4 personality registered for level 4
[    8.825364] md: raid10 personality registered for level 10
done.
Begin: Running /scripts/init-premount ... done.
Begin: Mounting root file system ... Begin: Running /scripts/local-top ... done.
Begin: Running /scripts/local-premount ... [    8.868456] Btrfs loaded
Scanning for Btrfs filesystems
done.
Warning: fsck not present, so skipping root file system
[    8.909225] EXT4-fs (sda1): INFO: recovery required on readonly filesystem
[    8.911408] EXT4-fs (sda1): write access will be enabled during recovery
[    8.935445] EXT4-fs (sda1): orphan cleanup on readonly fs
[    8.937353] EXT4-fs (sda1): 5 orphan inodes deleted
[    8.939051] EXT4-fs (sda1): recovery complete
[    8.941459] EXT4-fs (sda1): mounted filesystem with ordered data mode. Opts: (null)
done.
Begin: Running /scripts/local-bottom ... done.
Begin: Running /scripts/init-bottom ... done.
[    9.056481] systemd[1]: systemd 229 running in system mode. (+PAM +AUDIT +SELINUX +IMA +APPARMOR +SMACK +SYSVINIT +UTMP +LIBCRYPTSETUP +GCRYPT +GNUTLS +ACL +XZ -LZ4 +SECCOMP +BLKID +ELFUTILS +KMOD -IDN)
[    9.062269] systemd[1]: Detected virtualization oracle.
[    9.064058] systemd[1]: Detected architecture x86-64.

Welcome to [1mUbuntu 16.04.6 LTS[0m!

[    9.069798] systemd[1]: Set hostname to <ubuntu-xenial>.
[    9.215877] systemd[1]: Listening on Device-mapper event daemon FIFOs.
[[0;32m  OK  [0m] Listening on Device-mapper event daemon FIFOs.
[    9.220502] systemd[1]: Listening on Journal Socket.
[[0;32m  OK  [0m] Listening on Journal Socket.
[    9.224274] systemd[1]: Started Forward Password Requests to Wall Directory Watch.
[[0;32m  OK  [0m] Started Forward Password Requests to Wall Directory Watch.
[    9.259149] systemd[1]: Created slice User and Session Slice.
[[0;32m  OK  [0m] Created slice User and Session Slice.
[    9.262800] systemd[1]: Listening on /dev/initctl Compatibility Named Pipe.
[[0;32m  OK  [0m] Listening on /dev/initctl Compatibility Named Pipe.
[    9.267023] systemd[1]: Started Trigger resolvconf update for networkd DNS.
[[0;32m  OK  [0m] Started Trigger resolvconf update for networkd DNS.
[    9.270488] systemd[1]: Reached target User and Group Name Lookups.
[[0;32m  OK  [0m] Reached target User and Group Name Lookups.
[    9.280991] systemd[1]: Listening on LVM2 poll daemon socket.
[[0;32m  OK  [0m] Listening on LVM2 poll daemon socket.
[    9.284697] systemd[1]: Reached target Swap.
[[0;32m  OK  [0m] Reached target Swap.
[    9.287719] systemd[1]: Listening on Syslog Socket.
[[0;32m  OK  [0m] Listening on Syslog Socket.
[    9.291225] systemd[1]: Reached target System Time Synchronized.
[[0;32m  OK  [0m] Reached target System Time Synchronized.
[    9.295172] systemd[1]: Reached target Encrypted Volumes.
[[0;32m  OK  [0m] Reached target Encrypted Volumes.
[    9.299038] systemd[1]: Listening on udev Control Socket.
[[0;32m  OK  [0m] Listening on udev Control Socket.
[    9.306832] systemd[1]: Listening on Journal Audit Socket.
[[0;32m  OK  [0m] Listening on Journal Audit Socket.
[    9.310707] systemd[1]: Set up automount Arbitrary Executable File Formats File System Automount Point.
[[0;32m  OK  [0m] Set up automount Arbitrary Executab...ats File System Automount Point.
[    9.335344] systemd[1]: Created slice System Slice.
[[0;32m  OK  [0m] Created slice System Slice.
[    9.338911] systemd[1]: Reached target Slices.
[[0;32m  OK  [0m] Reached target Slices.
[    9.358343] systemd[1]: Starting Create list of required static device nodes for the current kernel...
         Starting Create list of required st... nodes for the current kernel...
[    9.365669] systemd[1]: Created slice system-serial\x2dgetty.slice.
[[0;32m  OK  [0m] Created slice system-serial\x2dgetty.slice.
[    9.379558] systemd[1]: Mounting Debug File System...
         Mounting Debug File System...
[    9.413927] systemd[1]: Starting Load Kernel Modules...
         Starting Load Kernel Modules...
[    9.424816] systemd[1]: Mounting POSIX Message Queue File System...
[    9.428123] Loading iSCSI transport class v2.0-870.
         Mounting POSIX Message Queue File System...
[    9.432689] systemd[1]: Starting Set console keymap...
         Starting Set console keymap...
[    9.437743] systemd[1]: Starting Remount Root and Kernel File Systems...
         Starting Remount Root and Kernel File Systems...
[    9.442712] systemd[1]: Mounting Huge Pages File System...
         Mounting Huge Pages File System...
[    9.457158] systemd[1]: Starting Nameserver information manager...
[    9.460921] EXT4-fs (sda1): re-mounted. Opts: (null)
[    9.460938] iscsi: registered transport (tcp)
         Starting Nameserver information manager...
[    9.467795] systemd[1]: Listening on LVM2 metadata daemon socket.
[[0;32m  OK  [0m] Listening on LVM2 metadata daemon socket.
[    9.476766] systemd[1]: Starting Monitoring of LVM2 mirrors, snapshots etc. using dmeventd or progress polling...
         Starting Monitoring of LVM2 mirrors... dmeventd or progress polling...
[    9.484016] systemd[1]: Listening on Journal Socket (/dev/log).
[[0;32m  OK  [0m] Listening on Journal Socket (/dev/log).
[    9.502339] systemd[1]: Starting Uncomplicated firewall...
         Starting Uncomplicated firewall...
[    9.505662] systemd[1]: Listening on udev Kernel Socket.
[[0;32m  OK  [0m] Listening on udev Kernel Socket.
[    9.520710] systemd[1]: Starting Journal Service...
         Starting Journal Service...
[    9.525992] systemd[1]: Mounted Huge Pages File System.
[[0;32m  OK  [0m] Mounted Huge Pages File System.
[    9.544707] systemd[1]: Mounted POSIX Message Queue File System.
[[0;32m  OK  [0m] Mounted POSIX Message Queue File System.
[    9.549172] systemd[1]: Mounted Debug File System.
[[0;32m  OK  [0m] Mounted Debug File System.
[    9.558669] systemd[1]: Started Create list of required static device nodes for the current kernel.
[[0;32m  OK  [0m] Started Create list of required sta...ce nodes for the current kernel.
[    9.565778] iscsi: registered transport (iser)
[    9.568346] systemd[1]: Started Load Kernel Modules.
[[0;32m  OK  [0m] Started Load Kernel Modules.
[    9.621474] systemd[1]: Started Set console keymap.
[[0;32m  OK  [0m] Started Set console keymap.
[    9.626745] systemd[1]: Started Remount Root and Kernel File Systems.
[[0;32m  OK  [0m] Started Remount Root and Kernel File Systems.
[    9.646659] systemd[1]: Started Uncomplicated firewall.
[[0;32m  OK  [0m] Started Uncomplicated firewall.
[    9.650937] systemd[1]: Started Journal Service.
[[0;32m  OK  [0m] Started Journal Service.
[[0;32m  OK  [0m] Started Nameserver information manager.
[    9.666861] random: nonblocking pool is initialized
[[0;32m  OK  [0m] Started LVM2 metadata daemon.
         Starting Load/Save Random Seed...
         Starting udev Coldplug all Devices...
         Starting Flush Journal to Persistent Storage...
         Mounting FUSE Control File System...
         Starting Apply Kernel Variables...
         Starting Create Static Device Nodes in /dev...
[[0;32m  OK  [0m] Mounted FUSE Control File System.
[[0;32m  OK  [0m] Started Load/Save Random Seed.
[[0;32m  OK  [0m] Started Apply Kernel Variables.
[[0;32m  OK  [0m] Started Create Static Device Nodes in /dev.
[[0;32m  OK  [0m] Started udev Coldplug all Devices.
[[0;32m  OK  [0m] Started Flush Journal to Persistent Storage.
         Starting udev Kernel Device Manager...
[[0;32m  OK  [0m] Started udev Kernel Device Manager.
[[0;32m  OK  [0m] Started Dispatch Password Requests to Console Directory Watch.
[[0;32m  OK  [0m] Found device /dev/ttyS0.
[[0;32m  OK  [0m] Listening on Load/Save RF Kill Switch Status /dev/rfkill Watch.
[[0;32m  OK  [0m] Found device 82540EM Gigabit Ethern...r (PRO/1000 MT Desktop Adapter).
[[0;32m  OK  [0m] Started Monitoring of LVM2 mirrors,...ng dmeventd or progress polling.
[[0;32m  OK  [0m] Reached target Local File Systems (Pre).
[[0;32m  OK  [0m] Reached target Local File Systems.
         Starting Tell Plymouth To Write Out Runtime Data...
         Starting Initial cloud-init job (pre-networking)...
         Starting Create Volatile Files and Directories...
         Starting LSB: AppArmor initialization...
         Starting Set console font and keymap...
[[0;32m  OK  [0m] Started Tell Plymouth To Write Out Runtime Data.
[[0;32m  OK  [0m] Started Create Volatile Files and Directories.
         Starting Update UTMP about System Boot/Shutdown...
[[0;32m  OK  [0m] Started Update UTMP about System Boot/Shutdown.
[[0;32m  OK  [0m] Started LSB: AppArmor initialization.
[[0;32m  OK  [0m] Started Set console font and keymap.
[[0;32m  OK  [0m] Created slice system-getty.slice.
[   10.281483] cloud-init[623]: Cloud-init v. 19.2-24-ge7881d5c-0ubuntu1~16.04.1 running 'init-local' at Tue, 01 Oct 2019 02:27:07 +0000. Up 9.94 seconds.
[[0;32m  OK  [0m] Started Initial cloud-init job (pre-networking).
[[0;32m  OK  [0m] Reached target Network (Pre).
[[0;32m  OK  [0m] Started ifup for enp0s3.
         Starting Raise network interfaces...
[[0;32m  OK  [0m] Started Raise network interfaces.
         Starting Initial cloud-init job (metadata service crawler)...
[[0;32m  OK  [0m] Reached target Network.
[   11.222705] cloud-init[982]: Cloud-init v. 19.2-24-ge7881d5c-0ubuntu1~16.04.1 running 'init' at Tue, 01 Oct 2019 02:27:08 +0000. Up 10.87 seconds.
[   11.227239] cloud-init[982]: ci-info: ++++++++++++++++++++++++++++++++++++++Net device info++++++++++++++++++++++++++++++++++++++
[   11.229932] cloud-init[982]: ci-info: +--------+------+----------------------------+---------------+--------+-------------------+
[   11.232647] cloud-init[982]: ci-info: | Device |  Up  |          Address           |      Mask     | Scope  |     Hw-Address    |
[   11.240807] cloud-init[982]: ci-info: +--------+------+----------------------------+---------------+--------+-------------------+
[   11.245296] cloud-init[982]: ci-info: | enp0s3 | True |         10.0.2.15          | 255.255.255.0 | global | 02:32:7c:93:db:e1 |
[   11.283924] cloud-init[982]: ci-info: | enp0s3 | True | fe80::32:7cff:fe93:dbe1/64 |       .       |  link  | 02:32:7c:93:db:e1 |
[   11.349128] cloud-init[982]: ci-info: |   lo   | True |         127.0.0.1          |   255.0.0.0   |  host  |         .         |
[[0;32m  OK  [0m] Started Initial cloud-init job (metadata service crawler).
[[0;32m  OK  [0m] Reached target System Initialization.
[[0;32m  OK  [0m] Listening on UUID daemon activation socket.
[   11.391250] cloud-init[982]: ci-info: |   lo   | True |          ::1/128           |       .       |  host  |         .         |
[   11.553084] [cloud-init[0;32m  OK  [0m[982]: ] ci-info: +--------+------+----------------------------+---------------+--------+-------------------+Started Daily apt download activities.

[   11.673045] [cloud-init[0;32m  OK  [0m[982]: ] ci-info: +++++++++++++++++++++++++++Route IPv4 info++++++++++++++++++++++++++++Listening on ACPID Listen Socket.

[   11.817642] [cloud-init[0;32m  OK  [0m[982]: ] ci-info: +-------+-------------+----------+---------------+-----------+-------+Started Daily apt upgrade and clean activities.

[[0;32m  OK  [0m] Started Daily Cleanup of Temporary Directories.
         Starting Socket activation for snappy daemon.
[   11.818313] cloud-init[982]: ci-info: | Route | Destination | Gateway  |    Genmask    | Interface | Flags |
         Starting LXD - unix socket.
[[0;32m  OK  [0m] Reached target Timers.
[   11.850215] cloud-init[982]: ci-info: +-------+-------------+----------+---------------+-----------+-------+
[   11.942923] [[0;32m  OK  [0m] Started ACPI Events Check.
[[0;32m  OK  [0m] Reached target Paths.
cloud-init[982]: ci-info: |   0   |   0.0.0.0   | 10.0.2.2 |    0.0.0.0    |   enp0s3  |   UG  |
[   11.961095] [[0;32m  OK  [0m] Listening on D-Bus System Message Bus Socket.
[[0;32m  OK  [0m] Reached target Network is Online.
cloud-init[982]: ci-info: |   1   |   10.0.2.0  | 0.0.0.0  | 255.255.255.0 |   enp0s3  |   U   |
[   11.973650] cloud-init         Starting iSCSI initiator daemon (iscsid)...
[[0;32m  OK  [0m] Reached target Cloud-config availability.
[982]: ci-info: +-------+-------------+----------+---------------+-----------+-------+
[   12.064859] [[0;32m  OK  [0m] Listening on Socket activation for snappy daemon.
[[0;32m  OK  [0m] Listening on LXD - unix socket.
cloud-init[982]: ci-info: +++++++++++++++++++Route IPv6 info+++++++++++++++++++
[   12.070340] cloud-init[982]: ci-info: +-------+-------------+---------+-----------+-------+
[   12.073431] cloud-init[982]: ci-info: | Route | Destination | Gateway | Interface | Flags |
[   12.076551] cloud-init[982]: ci-info: +-------+-------------+---------+-----------+-------+
[   12.079559] cloud-init[982]: ci-info: |   0   |  fe80::/64  |    ::   |   enp0s3  |   U   |
[   12.082780] cloud-init[982]: ci-info: |   3   |   ff00::/8  |    ::   |   enp0s3  |   U   |
[   12.090169] cloud-init[982]: [[0;32m  OK  [0m] Started iSCSI initiator daemon (iscsid).
         Starting Login to default iSCSI targets...
[[0;32m  OK  [0m] Reached target Sockets.
[[0;32m  OK  [0m] Reached target Basic System.
ci-info: +-------+-------------+---------+-----------+-------+
[[0;32m  OK  [0m] Started FUSE filesystem for LXC.
         Starting Virtualbox guest utils...
[[0;32m  OK  [0m] Started ACPI event daemon.
         Starting LSB: MD monitoring daemon...
         Starting /etc/rc.local Compatibility...
[[0;32m  OK  [0m] Started D-Bus System Message Bus.
         Starting MySQL Community Server...
         Starting Accounts Service...
         Starting LSB: Record successful boot for GRUB...
[[0;32m  OK  [0m] Started Deferred execution scheduler.
         Starting LXD - container startup/shutdown...
         Starting OpenBSD Secure Shell server...
[[0;32m  OK  [0m] Started Regular background program processing daemon.
         Starting Login Service...
         Starting System Logging Service...
         Starting Snappy daemon...
[[0;32m  OK  [0m] Started System Logging Service.
[[0;32m  OK  [0m] Started /etc/rc.local Compatibility.
[[0;32m  OK  [0m] Started OpenBSD Secure Shell server.
[[0;32m  OK  [0m] Started Login to default iSCSI targets.
[[0;32m  OK  [0m] Started LXD - container startup/shutdown.
[[0;32m  OK  [0m] Started LSB: MD monitoring daemon.
[[0;32m  OK  [0m] Started LSB: Record successful boot for GRUB.
[[0;32m  OK  [0m] Started Virtualbox guest utils.
[[0;32m  OK  [0m] Started Login Service.
[[0;32m  OK  [0m] Started Unattended Upgrades Shutdown.
         Starting Authenticate and Authorize Users to Run Privileged Tasks...
[[0;32m  OK  [0m] Reached target Remote File Systems (Pre).
[[0;32m  OK  [0m] Reached target Remote File Systems.
         Starting LSB: automatic crash report generation...
         Starting Permit User Sessions...
         Starting LSB: Set the CPU Frequency Scaling governor to "ondemand"...
         Starting LSB: daemon to balance interrupts for SMP systems...
[[0;32m  OK  [0m] Started Snappy daemon.
[[0;32m  OK  [0m] Started Permit User Sessions.
[[0;32m  OK  [0m] Started Authenticate and Authorize Users to Run Privileged Tasks.
[[0;32m  OK  [0m] Started Accounts Service.
         Starting Hold until boot process finishes up...
         Starting Terminate Plymouth Boot Screen...
         Starting Wait until snapd is fully seeded...
[[0;32m  OK  [0m] Started Terminate Plymouth Boot Screen.
[[0;32m  OK  [0m] Started LSB: daemon to balance interrupts for SMP systems.
[[0;32m  OK  [0m] Started LSB: automatic crash report generation.
[[0;32m  OK  [0m] Started Hold until boot process finishes up.
[[0;32m  OK  [0m] Started Wait until snapd is fully seeded.
[[0;32m  OK  [0m] Started LSB: Set the CPU Frequency Scaling governor to "ondemand".
         Starting Apply the settings specified in cloud-config...
         Starting Set console scheme...
[[0;32m  OK  [0m] Started Serial Getty on ttyS0.
[[0;32m  OK  [0m] Started Getty on tty1.
[[0;32m  OK  [0m] Reached target Login Prompts.
[[0;32m  OK  [0m] Started Set console scheme.
[   14.036854] cloud-init[1249]: Cloud-init v. 19.2-24-ge7881d5c-0ubuntu1~16.04.1 running 'modules:config' at Tue, 01 Oct 2019 02:27:11 +0000. Up 13.90 seconds.
[[0;32m  OK  [0m] Started Apply the settings specified in cloud-config.
[[0;32m  OK  [0m] Started MySQL Community Server.
[[0;32m  OK  [0m] Reached target Multi-User System.
         Starting Execute cloud user/final scripts...
[[0;32m  OK  [0m] Reached target Graphical Interface.
         Starting Update UTMP about System Runlevel Changes...
[[0;32m  OK  [0m] Started Update UTMP about System Runlevel Changes.
[   14.993623] cloud-init[1300]: Cloud-init v. 19.2-24-ge7881d5c-0ubuntu1~16.04.1 running 'modules:final' at Tue, 01 Oct 2019 02:27:12 +0000. Up 14.84 seconds.
[   14.997742] cloud-init[1300]: Cloud-init v. 19.2-24-ge7881d5c-0ubuntu1~16.04.1 finished at Tue, 01 Oct 2019 02:27:12 +0000. Datasource DataSourceNoCloud [seed=/dev/sdb][dsmode=net].  Up 14.98 seconds
[[0;32m  OK  [0m] Started Execute cloud user/final scripts.
[[0;32m  OK  [0m] Reached target Cloud-init target.

Ubuntu 16.04.6 LTS ubuntu-xenial ttyS0

ubuntu-xenial login: 